<?xml version="1.0" encoding="UTF-8"?>
<testng-results skipped="0" failed="0" total="1" passed="1">
  <reporter-output>
  </reporter-output>
  <suite name="Default suite" duration-ms="35" started-at="2014-11-07T05:52:08Z" finished-at="2014-11-07T05:52:08Z">
    <groups>
    </groups>
    <test name="Default test" duration-ms="35" started-at="2014-11-07T05:52:08Z" finished-at="2014-11-07T05:52:08Z">
      <class name="jenkin.Jenkins">
        <test-method status="PASS" signature="testJenkins()[pri:0, instance:jenkin.Jenkins@549e3065]" name="testJenkins" duration-ms="20" started-at="2014-11-07T11:22:08Z" finished-at="2014-11-07T11:22:08Z">
          <reporter-output>
          </reporter-output>
        </test-method> <!-- testJenkins -->
      </class> <!-- jenkin.Jenkins -->
    </test> <!-- Default test -->
  </suite> <!-- Default suite -->
</testng-results>
